\BOOKMARK [0][-]{chapter.1}{\376\377\000I\000n\000t\000r\000o\000d\000u\000z\000i\000o\000n\000e}{}% 1
\BOOKMARK [1][-]{section.1.1}{\376\377\000D\000o\000c\000k\000i\000n\000g\000\040\000M\000o\000l\000e\000c\000o\000l\000a\000r\000e}{chapter.1}% 2
\BOOKMARK [1][-]{section.1.2}{\376\377\000S\000i\000m\000u\000l\000a\000z\000i\000o\000n\000e}{chapter.1}% 3
\BOOKMARK [1][-]{section.1.3}{\376\377\000S\000o\000f\000t\000w\000a\000r\000e\000\040\000p\000e\000r\000\040\000i\000l\000\040\000d\000o\000c\000k\000i\000n\000g\000\040\000m\000o\000l\000e\000c\000o\000l\000a\000r\000e}{chapter.1}% 4
\BOOKMARK [1][-]{section.1.4}{\376\377\000I\000d\000e\000a\000\040\000e\000\040\000s\000v\000i\000l\000u\000p\000p\000o}{chapter.1}% 5
\BOOKMARK [1][-]{section.1.5}{\376\377\000C\000o\000n\000t\000e\000n\000u\000t\000o\000\040\000d\000e\000l\000l\000a\000\040\000t\000e\000s\000i}{chapter.1}% 6
\BOOKMARK [0][-]{chapter.2}{\376\377\000T\000e\000c\000n\000o\000l\000o\000g\000i\000e\000\040\000e\000\040\000p\000i\000a\000t\000t\000a\000f\000o\000r\000m\000e}{}% 7
\BOOKMARK [1][-]{section.2.1}{\376\377\000L\000i\000n\000g\000u\000a\000g\000g\000i\000\040\000e\000\040\000t\000o\000o\000l\000s}{chapter.2}% 8
\BOOKMARK [2][-]{subsection.2.1.1}{\376\377\000P\000y\000t\000h\000o\000n}{section.2.1}% 9
\BOOKMARK [2][-]{subsection.2.1.2}{\376\377\000A\000D\000F\000R\000s\000u\000i\000t\000e}{section.2.1}% 10
\BOOKMARK [2][-]{subsection.2.1.3}{\376\377\000M\000G\000L\000T\000o\000o\000l\000s}{section.2.1}% 11
\BOOKMARK [2][-]{subsection.2.1.4}{\376\377\000O\000p\000e\000n\000\040\000B\000a\000b\000e\000l}{section.2.1}% 12
\BOOKMARK [1][-]{section.2.2}{\376\377\000D\000a\000t\000a\000b\000a\000s\000e}{chapter.2}% 13
\BOOKMARK [1][-]{section.2.3}{\376\377\000A\000u\000t\000o\000d\000o\000c\000k}{chapter.2}% 14
\BOOKMARK [1][-]{section.2.4}{\376\377\000A\000u\000t\000o\000d\000o\000c\000k\000\040\000V\000i\000n\000a}{chapter.2}% 15
\BOOKMARK [2][-]{subsection.2.4.1}{\376\377\000F\000u\000n\000z\000i\000o\000n\000e\000\040\000d\000i\000\040\000s\000c\000o\000r\000i\000n\000g}{section.2.4}% 16
\BOOKMARK [0][-]{chapter.3}{\376\377\000A\000p\000p\000l\000i\000c\000a\000z\000i\000o\000n\000e\000\040\000r\000e\000a\000l\000i\000z\000z\000a\000t\000a}{}% 17
\BOOKMARK [1][-]{section.3.1}{\376\377\000D\000a\000t\000i\000\040\000i\000n\000\040\000i\000n\000p\000u\000t}{chapter.3}% 18
\BOOKMARK [1][-]{section.3.2}{\376\377\000P\000r\000e\000p\000a\000r\000a\000z\000i\000o\000n\000e\000\040\000d\000e\000i\000\040\000l\000i\000g\000a\000n\000d\000i\000\040\000e\000\040\000d\000e\000i\000\040\000r\000e\000c\000e\000t\000t\000o\000r\000i}{chapter.3}% 19
\BOOKMARK [2][-]{subsection.3.2.1}{\376\377\000P\000r\000e\000p\000a\000r\000a\000z\000i\000o\000n\000e\000\040\000d\000e\000i\000\040\000l\000i\000g\000a\000n\000d\000i}{section.3.2}% 20
\BOOKMARK [0][-]{appendix.Alph1}{\376\377\000T\000a\000b\000e\000l\000l\000a\000\040\000d\000e\000i\000\040\000l\000i\000g\000a\000n\000d\000i}{}% 21
\BOOKMARK [0][-]{appendix.Alph2}{\376\377\000T\000a\000b\000e\000l\000l\000a\000\040\000d\000e\000i\000\040\000r\000e\000c\000e\000t\000t\000o\000r\000i}{}% 22
